[2022-12-09 14:14:01] Warte auf Queue: 639340b875beb

[2022-12-09 14:14:11] verarbeite roger@schmau.ch
[2022-12-09 14:35:42] Warte auf Queue: 639340b875beb

Exception 'yii\db\Exception' with message 'SQLSTATE[70100]: <<Unknown error>>: 1317 Query execution was interrupted
The SQL being executed was: SELECT GET_LOCK(SUBSTRING(CONCAT('DATABASE()', '572d460655e70d83634eb837fb6cf93ab625bc59'), 1, 64), 3)'

in /var/www/html/girardi.ch/yii/vendor/yiisoft/yii2/db/Schema.php:676

Error Info:
Array
(
    [0] => 70100
    [1] => 1317
    [2] => Query execution was interrupted
)

Caused by: Exception 'PDOException' with message 'SQLSTATE[70100]: <<Unknown error>>: 1317 Query execution was interrupted'

in /var/www/html/girardi.ch/yii/vendor/yiisoft/yii2/db/Command.php:1302

Stack trace:
#0 /var/www/html/girardi.ch/yii/vendor/yiisoft/yii2/db/Command.php(1302): PDOStatement->execute()
#1 /var/www/html/girardi.ch/yii/vendor/yiisoft/yii2/db/Command.php(1168): yii\db\Command->internalExecute()
#2 /var/www/html/girardi.ch/yii/vendor/yiisoft/yii2/db/Command.php(436): yii\db\Command->queryInternal()
#3 /var/www/html/girardi.ch/yii/vendor/yiisoft/yii2/mutex/MysqlMutex.php(75): yii\db\Command->queryScalar()
#4 [internal function]: yii\mutex\MysqlMutex->yii\mutex\{closure}()
#5 /var/www/html/girardi.ch/yii/vendor/yiisoft/yii2/db/Connection.php(1141): call_user_func()
#6 /var/www/html/girardi.ch/yii/vendor/yiisoft/yii2/mutex/MysqlMutex.php(76): yii\db\Connection->useMaster()
#7 /var/www/html/girardi.ch/yii/vendor/yiisoft/yii2/mutex/Mutex.php(72): yii\mutex\MysqlMutex->acquireLock()
#8 /var/www/html/girardi.ch/yii/vendor/yiisoft/yii2-queue/src/drivers/db/Queue.php(177): yii\mutex\Mutex->acquire()
#9 [internal function]: yii\queue\db\Queue->yii\queue\db\{closure}()
#10 /var/www/html/girardi.ch/yii/vendor/yiisoft/yii2/db/Connection.php(1130): call_user_func()
#11 /var/www/html/girardi.ch/yii/vendor/yiisoft/yii2-queue/src/drivers/db/Queue.php(212): yii\db\Connection->useMaster()
#12 /var/www/html/girardi.ch/yii/vendor/yiisoft/yii2-queue/src/drivers/db/Queue.php(78): yii\queue\db\Queue->reserve()
#13 [internal function]: yii\queue\db\Queue->yii\queue\db\{closure}()
#14 /var/www/html/girardi.ch/yii/vendor/yiisoft/yii2-queue/src/cli/Queue.php(117): call_user_func()
#15 /var/www/html/girardi.ch/yii/vendor/yiisoft/yii2-queue/src/drivers/db/Queue.php(93): yii\queue\cli\Queue->runWorker()
#16 /var/www/html/girardi.ch/yii/dev/yii2-newsletter-module/commands/ConsoleController.php(49): yii\queue\db\Queue->run()
#17 [internal function]: schmauch\newsletter\commands\ConsoleController->actionRun()
#18 /var/www/html/girardi.ch/yii/vendor/yiisoft/yii2/base/InlineAction.php(57): call_user_func_array()
#19 /var/www/html/girardi.ch/yii/vendor/yiisoft/yii2/base/Controller.php(178): yii\base\InlineAction->runWithParams()
#20 /var/www/html/girardi.ch/yii/vendor/yiisoft/yii2/console/Controller.php(180): yii\base\Controller->runAction()
#21 /var/www/html/girardi.ch/yii/vendor/yiisoft/yii2/base/Module.php(552): yii\console\Controller->runAction()
#22 /var/www/html/girardi.ch/yii/vendor/yiisoft/yii2/console/Application.php(180): yii\base\Module->runAction()
#23 /var/www/html/girardi.ch/yii/vendor/yiisoft/yii2/console/Application.php(147): yii\console\Application->runAction()
#24 /var/www/html/girardi.ch/yii/vendor/yiisoft/yii2/base/Application.php(384): yii\console\Application->handleRequest()
#25 /var/www/html/girardi.ch/yii/yii(23): yii\base\Application->run()
#26 {main}
Exception 'yii\db\Exception' with message 'SQLSTATE[HY000]: General error: 2006 MySQL server has gone away
The SQL being executed was: SELECT RELEASE_LOCK(SUBSTRING(CONCAT('DATABASE()', '572d460655e70d83634eb837fb6cf93ab625bc59'), 1, 64))'

in /var/www/html/girardi.ch/yii/vendor/yiisoft/yii2/db/Schema.php:676

Error Info:
Array
(
    [0] => HY000
    [1] => 2006
    [2] => MySQL server has gone away
)

Caused by: Exception 'PDOException' with message 'SQLSTATE[HY000]: General error: 2006 MySQL server has gone away'

in /var/www/html/girardi.ch/yii/vendor/yiisoft/yii2/db/Command.php:1302

Caused by: Exception 'yii\db\Exception' with message 'SQLSTATE[08S01]: Communication link failure: 1053 Server shutdown in progress
The SQL being executed was: SELECT * FROM `queue` WHERE ((`channel`='639340b875beb') AND (`reserved_at` IS NULL)) AND (`pushed_at` <= 1670596727 - `delay`) ORDER BY `priority`, `id` LIMIT 1'

in /var/www/html/girardi.ch/yii/vendor/yiisoft/yii2/db/Schema.php:676

Error Info:
Array
(
    [0] => 08S01
    [1] => 1053
    [2] => Server shutdown in progress
)

Caused by: Exception 'PDOException' with message 'SQLSTATE[08S01]: Communication link failure: 1053 Server shutdown in progress'

in /var/www/html/girardi.ch/yii/vendor/yiisoft/yii2/db/Command.php:1302

Stack trace:
#0 /var/www/html/girardi.ch/yii/vendor/yiisoft/yii2/db/Command.php(1302): PDOStatement->execute()
#1 /var/www/html/girardi.ch/yii/vendor/yiisoft/yii2/db/Command.php(1168): yii\db\Command->internalExecute()
#2 /var/www/html/girardi.ch/yii/vendor/yiisoft/yii2/db/Command.php(424): yii\db\Command->queryInternal()
#3 /var/www/html/girardi.ch/yii/vendor/yiisoft/yii2/db/Query.php(287): yii\db\Command->queryOne()
#4 /var/www/html/girardi.ch/yii/vendor/yiisoft/yii2-queue/src/drivers/db/Queue.php(191): yii\db\Query->one()
#5 [internal function]: yii\queue\db\Queue->yii\queue\db\{closure}()
#6 /var/www/html/girardi.ch/yii/vendor/yiisoft/yii2/db/Connection.php(1130): call_user_func()
#7 /var/www/html/girardi.ch/yii/vendor/yiisoft/yii2-queue/src/drivers/db/Queue.php(212): yii\db\Connection->useMaster()
#8 /var/www/html/girardi.ch/yii/vendor/yiisoft/yii2-queue/src/drivers/db/Queue.php(78): yii\queue\db\Queue->reserve()
#9 [internal function]: yii\queue\db\Queue->yii\queue\db\{closure}()
#10 /var/www/html/girardi.ch/yii/vendor/yiisoft/yii2-queue/src/cli/Queue.php(117): call_user_func()
#11 /var/www/html/girardi.ch/yii/vendor/yiisoft/yii2-queue/src/drivers/db/Queue.php(93): yii\queue\cli\Queue->runWorker()
#12 /var/www/html/girardi.ch/yii/dev/yii2-newsletter-module/commands/ConsoleController.php(49): yii\queue\db\Queue->run()
#13 [internal function]: schmauch\newsletter\commands\ConsoleController->actionRun()
#14 /var/www/html/girardi.ch/yii/vendor/yiisoft/yii2/base/InlineAction.php(57): call_user_func_array()
#15 /var/www/html/girardi.ch/yii/vendor/yiisoft/yii2/base/Controller.php(178): yii\base\InlineAction->runWithParams()
#16 /var/www/html/girardi.ch/yii/vendor/yiisoft/yii2/console/Controller.php(180): yii\base\Controller->runAction()
#17 /var/www/html/girardi.ch/yii/vendor/yiisoft/yii2/base/Module.php(552): yii\console\Controller->runAction()
#18 /var/www/html/girardi.ch/yii/vendor/yiisoft/yii2/console/Application.php(180): yii\base\Module->runAction()
#19 /var/www/html/girardi.ch/yii/vendor/yiisoft/yii2/console/Application.php(147): yii\console\Application->runAction()
#20 /var/www/html/girardi.ch/yii/vendor/yiisoft/yii2/base/Application.php(384): yii\console\Application->handleRequest()
#21 /var/www/html/girardi.ch/yii/yii(23): yii\base\Application->run()
#22 {main}
PHP Fatal error:  Uncaught PDOException: SQLSTATE[HY000]: General error: 2006 MySQL server has gone away in /var/www/html/girardi.ch/yii/vendor/yiisoft/yii2/db/Command.php:1302
Stack trace:
#0 /var/www/html/girardi.ch/yii/vendor/yiisoft/yii2/db/Command.php(1302): PDOStatement->execute()
#1 /var/www/html/girardi.ch/yii/vendor/yiisoft/yii2/db/Command.php(1168): yii\db\Command->internalExecute()
#2 /var/www/html/girardi.ch/yii/vendor/yiisoft/yii2/db/Command.php(436): yii\db\Command->queryInternal()
#3 /var/www/html/girardi.ch/yii/vendor/yiisoft/yii2/mutex/MysqlMutex.php(92): yii\db\Command->queryScalar()
#4 [internal function]: yii\mutex\MysqlMutex->yii\mutex\{closure}()
#5 /var/www/html/girardi.ch/yii/vendor/yiisoft/yii2/db/Connection.php(1130): call_user_func()
#6 /var/www/html/girardi.ch/yii/vendor/yiisoft/yii2/mutex/MysqlMutex.php(93): yii\db\Connection->useMaster()
#7 /var/www/html/girardi.ch/yii/vendor/yiisoft/yii2/mutex/Mutex.php(88): yii\mutex\MysqlMutex->releaseLock()
#8 /var/www/html/girardi.ch/yii/vendor/yiisoft/yii2/mutex/Mutex.php(57): yii\mutex\Mutex->release()
#9 [internal function]: yii\mutex\Mutex->yii\mutex\{closure}()
#10 {main}

Next yii\db\Exception: SQLSTATE[HY000]: General error: 2006 MySQL server has gone away
The SQL being executed was: SELECT RELEASE_LOCK(SUBSTRING(CONCAT('DATABASE()', '572d460655e70d83634eb837fb6cf93ab625bc59'), 1, 64)) in /var/www/html/girardi.ch/yii/vendor/yiisoft/yii2/db/Schema.php:676
Stack trace:
#0 /var/www/html/girardi.ch/yii/vendor/yiisoft/yii2/db/Command.php(1307): yii\db\Schema->convertException()
#1 /var/www/html/girardi.ch/yii/vendor/yiisoft/yii2/db/Command.php(1168): yii\db\Command->internalExecute()
#2 /var/www/html/girardi.ch/yii/vendor/yiisoft/yii2/db/Command.php(436): yii\db\Command->queryInternal()
#3 /var/www/html/girardi.ch/yii/vendor/yiisoft/yii2/mutex/MysqlMutex.php(92): yii\db\Command->queryScalar()
#4 [internal function]: yii\mutex\MysqlMutex->yii\mutex\{closure}()
#5 /var/www/html/girardi.ch/yii/vendor/yiisoft/yii2/db/Connection.php(1130): call_user_func()
#6 /var/www/html/girardi.ch/yii/vendor/yiisoft/yii2/mutex/MysqlMutex.php(93): yii\db\Connection->useMaster()
#7 /var/www/html/girardi.ch/yii/vendor/yiisoft/yii2/mutex/Mutex.php(88): yii\mutex\MysqlMutex->releaseLock()
#8 /var/www/html/girardi.ch/yii/vendor/yiisoft/yii2/mutex/Mutex.php(57): yii\mutex\Mutex->release()
#9 [internal function]: yii\mutex\Mutex->yii\mutex\{closure}()
#10 {main}
Additional Information:
Array
(
    [0] => HY000
    [1] => 2006
    [2] => MySQL server has gone away
)

  thrown in /var/www/html/girardi.ch/yii/vendor/yiisoft/yii2/db/Schema.php on line 676
